
Circuit 1 cell sky130_fd_pr__nfet_01v8 and Circuit 2 cell sky130_fd_pr__nfet_01v8 are black boxes.
Equate elements:  no current cell.
Device classes sky130_fd_pr__nfet_01v8 and sky130_fd_pr__nfet_01v8 are equivalent.

Circuit 1 cell sky130_fd_pr__pfet_01v8 and Circuit 2 cell sky130_fd_pr__pfet_01v8 are black boxes.
Equate elements:  no current cell.
Device classes sky130_fd_pr__pfet_01v8 and sky130_fd_pr__pfet_01v8 are equivalent.
Flattening unmatched subcell biasgen in circuit OPAMP_MP3.spice (0)(1 instance)
Flattening unmatched subcell FCDA in circuit OPAMP_MP3.spice (0)(1 instance)

Class OPAMP_MP3.spice (0):  Merged 20 parallel devices.
Class LVS_Circuit.spice (1):  Merged 21 parallel devices.
Subcircuit summary:
Circuit 1: OPAMP_MP3.spice                 |Circuit 2: LVS_Circuit.spice               
-------------------------------------------|-------------------------------------------
sky130_fd_pr__nfet_01v8 (46->35)           |sky130_fd_pr__nfet_01v8 (46->35)           
sky130_fd_pr__pfet_01v8 (36->27)           |sky130_fd_pr__pfet_01v8 (36->26) **Mismatc 
Number of devices: 62 **Mismatch**         |Number of devices: 61 **Mismatch**         
Number of nets: 46 **Mismatch**            |Number of nets: 41 **Mismatch**            
---------------------------------------------------------------------------------------
NET mismatches: Class fragments follow (with fanout counts):
Circuit 1: OPAMP_MP3.spice                 |Circuit 2: LVS_Circuit.spice               

---------------------------------------------------------------------------------------
Net: FCDA_0/VDD                            |Net: VDD                                   
  sky130_fd_pr__pfet_01v8/4 = 27           |  sky130_fd_pr__pfet_01v8/(1|3) = 11       
  sky130_fd_pr__pfet_01v8/(1|3) = 12       |  sky130_fd_pr__pfet_01v8/4 = 26           
  sky130_fd_pr__pfet_01v8/2 = 2            |  sky130_fd_pr__pfet_01v8/2 = 2            
                                           |                                           
Net: VSUBS                                 |Net: GND                                   
  sky130_fd_pr__nfet_01v8/4 = 35           |  sky130_fd_pr__nfet_01v8/4 = 35           
  sky130_fd_pr__nfet_01v8/(1|3) = 16       |  sky130_fd_pr__nfet_01v8/(1|3) = 16       
  sky130_fd_pr__nfet_01v8/2 = 3            |  sky130_fd_pr__nfet_01v8/2 = 4            
                                           |                                           
Net: /FCDA_0/a_n1130_n1170#                |(no matching net)                          
  sky130_fd_pr__nfet_01v8/2 = 1            |                                           
---------------------------------------------------------------------------------------

---------------------------------------------------------------------------------------
Net: /FCDA_0/VOUT                          |Net: VOUT                                  
  sky130_fd_pr__nfet_01v8/(1|3) = 2        |  sky130_fd_pr__nfet_01v8/(1|3) = 2        
  sky130_fd_pr__pfet_01v8/(1|3) = 2        |  sky130_fd_pr__pfet_01v8/(1|3) = 2        
---------------------------------------------------------------------------------------

---------------------------------------------------------------------------------------
Net: /FCDA_0/V2                            |Net: V2                                    
  sky130_fd_pr__nfet_01v8/2 = 2            |  sky130_fd_pr__nfet_01v8/2 = 2            
---------------------------------------------------------------------------------------

---------------------------------------------------------------------------------------
Net: /FCDA_0/V1                            |Net: V1                                    
  sky130_fd_pr__nfet_01v8/2 = 2            |  sky130_fd_pr__nfet_01v8/2 = 2            
---------------------------------------------------------------------------------------

---------------------------------------------------------------------------------------
Net: FCDA_0/VCP                            |Net: VCP                                   
  sky130_fd_pr__pfet_01v8/2 = 5            |  sky130_fd_pr__pfet_01v8/2 = 5            
  sky130_fd_pr__pfet_01v8/(1|3) = 1        |  sky130_fd_pr__pfet_01v8/(1|3) = 1        
  sky130_fd_pr__nfet_01v8/(1|3) = 1        |  sky130_fd_pr__nfet_01v8/(1|3) = 1        
---------------------------------------------------------------------------------------

---------------------------------------------------------------------------------------
Net: FCDA_0/VCN                            |Net: VCN                                   
  sky130_fd_pr__pfet_01v8/(1|3) = 1        |  sky130_fd_pr__pfet_01v8/(1|3) = 1        
  sky130_fd_pr__nfet_01v8/(1|3) = 1        |  sky130_fd_pr__nfet_01v8/(1|3) = 1        
  sky130_fd_pr__nfet_01v8/2 = 5            |  sky130_fd_pr__nfet_01v8/2 = 5            
---------------------------------------------------------------------------------------

---------------------------------------------------------------------------------------
Net: FCDA_0/VBN                            |Net: VBN                                   
  sky130_fd_pr__nfet_01v8/2 = 15           |  sky130_fd_pr__nfet_01v8/2 = 15           
  sky130_fd_pr__nfet_01v8/(1|3) = 1        |  sky130_fd_pr__nfet_01v8/(1|3) = 1        
---------------------------------------------------------------------------------------

---------------------------------------------------------------------------------------
Net: FCDA_0/VBP                            |Net: VBP                                   
  sky130_fd_pr__nfet_01v8/(1|3) = 1        |  sky130_fd_pr__nfet_01v8/(1|3) = 1        
  sky130_fd_pr__pfet_01v8/2 = 15           |  sky130_fd_pr__pfet_01v8/2 = 16           
  sky130_fd_pr__pfet_01v8/(1|3) = 2        |  sky130_fd_pr__pfet_01v8/(1|3) = 1        
---------------------------------------------------------------------------------------
DEVICE mismatches: Class fragments follow (with node fanout counts):
Circuit 1: OPAMP_MP3.spice                 |Circuit 2: LVS_Circuit.spice               

---------------------------------------------------------------------------------------
(no matching instance)                     |Instance: sky130_fd_pr__pfet_01v8:M79      
                                           |  (1,3) = (39,18)                          
                                           |  2 = 18                                   
                                           |  4 = 39                                   
                                           |                                           
---------------------------------------------------------------------------------------
Netlists do not match.
Cells have no pins;  pin matching not needed.
Device classes OPAMP_MP3.spice and LVS_Circuit.spice are equivalent.

Final result: Netlists do not match.
